<?xml version="1.0" encoding="utf-8"?>
<!DOCTYPE coverage SYSTEM "http://cobertura.sourceforge.net/xml/coverage-04.dtd">
<coverage line-rate="0.38978102189781" branch-rate="0.0769230769230769" lines-covered="267" lines-valid="685" branches-covered="2" branches-valid="26" complexity="156" version="0" timestamp="1689107224">
  <sources>
    <source>C:\</source>
  </sources>
  <packages>
    <package name="HouseRentingSystem.Core" line-rate="0.144772117962467" branch-rate="0.0833333333333333" complexity="91">
      <classes>
        <class name="HouseRentingSystem.Core.Exceptions.Guard" filename="C:\GitHub\Softuni-ASP.NET-Core\HouseRentingSysteм\HouseRentingSystem.Core\Exceptions\Guard.cs" line-rate="0" branch-rate="0" complexity="4">
          <methods>
            <method name="AgainstNull" signature="(...)" line-rate="0" branch-rate="0" complexity="4">
              <lines>
                <line number="12" hits="0" branch="false" />
                <line number="13" hits="0" branch="true" condition-coverage="0% (0/2)" />
                <line number="14" hits="0" branch="false" />
                <line number="15" hits="0" branch="true" condition-coverage="0% (0/2)" />
                <line number="16" hits="0" branch="false" />
                <line number="17" hits="0" branch="false" />
                <line number="19" hits="0" branch="false" />
                <line number="21" hits="0" branch="false" />
              </lines>
            </method>
          </methods>
          <lines>
            <line number="12" hits="0" branch="false" />
            <line number="13" hits="0" branch="true" condition-coverage="0% (0/2)" />
            <line number="14" hits="0" branch="false" />
            <line number="15" hits="0" branch="true" condition-coverage="0% (0/2)" />
            <line number="16" hits="0" branch="false" />
            <line number="17" hits="0" branch="false" />
            <line number="19" hits="0" branch="false" />
            <line number="21" hits="0" branch="false" />
          </lines>
        </class>
        <class name="HouseRentingSystem.Core.Exceptions.HouseRentingException" filename="C:\GitHub\Softuni-ASP.NET-Core\HouseRentingSysteм\HouseRentingSystem.Core\Exceptions\HouseRentingException.cs" line-rate="0" branch-rate="1" complexity="2">
          <methods>
            <method name=".ctor" signature="()" line-rate="0" branch-rate="1" complexity="1">
              <lines>
                <line number="11" hits="0" branch="false" />
                <line number="12" hits="0" branch="false" />
                <line number="14" hits="0" branch="false" />
              </lines>
            </method>
            <method name=".ctor" signature="(...)" line-rate="0" branch-rate="1" complexity="1">
              <lines>
                <line number="16" hits="0" branch="false" />
                <line number="17" hits="0" branch="false" />
                <line number="19" hits="0" branch="false" />
              </lines>
            </method>
          </methods>
          <lines>
            <line number="11" hits="0" branch="false" />
            <line number="12" hits="0" branch="false" />
            <line number="14" hits="0" branch="false" />
            <line number="16" hits="0" branch="false" />
            <line number="17" hits="0" branch="false" />
            <line number="19" hits="0" branch="false" />
          </lines>
        </class>
        <class name="HouseRentingSystem.Core.Extensions.ModelExtensions" filename="C:\GitHub\Softuni-ASP.NET-Core\HouseRentingSysteм\HouseRentingSystem.Core\Extensions\ModelExtensions.cs" line-rate="0" branch-rate="1" complexity="2">
          <methods>
            <method name="GetInformation" signature="(...)" line-rate="0" branch-rate="1" complexity="1">
              <lines>
                <line number="14" hits="0" branch="false" />
                <line number="15" hits="0" branch="false" />
                <line number="17" hits="0" branch="false" />
                <line number="18" hits="0" branch="false" />
                <line number="19" hits="0" branch="false" />
                <line number="21" hits="0" branch="false" />
                <line number="22" hits="0" branch="false" />
              </lines>
            </method>
            <method name="GetAddress" signature="(...)" line-rate="0" branch-rate="1" complexity="1">
              <lines>
                <line number="25" hits="0" branch="false" />
                <line number="26" hits="0" branch="false" />
                <line number="27" hits="0" branch="false" />
                <line number="29" hits="0" branch="false" />
                <line number="30" hits="0" branch="false" />
              </lines>
            </method>
          </methods>
          <lines>
            <line number="14" hits="0" branch="false" />
            <line number="15" hits="0" branch="false" />
            <line number="17" hits="0" branch="false" />
            <line number="18" hits="0" branch="false" />
            <line number="19" hits="0" branch="false" />
            <line number="21" hits="0" branch="false" />
            <line number="22" hits="0" branch="false" />
            <line number="25" hits="0" branch="false" />
            <line number="26" hits="0" branch="false" />
            <line number="27" hits="0" branch="false" />
            <line number="29" hits="0" branch="false" />
            <line number="30" hits="0" branch="false" />
          </lines>
        </class>
        <class name="HouseRentingSystem.Core.Models.Admin.UserServiceModel" filename="C:\GitHub\Softuni-ASP.NET-Core\HouseRentingSysteм\HouseRentingSystem.Core\Models\Admin\UserServiceModel.cs" line-rate="0" branch-rate="1" complexity="4">
          <methods>
            <method name="get_UserId" signature="()" line-rate="0" branch-rate="1" complexity="1">
              <lines>
                <line number="5" hits="0" branch="false" />
              </lines>
            </method>
            <method name="get_Email" signature="()" line-rate="0" branch-rate="1" complexity="1">
              <lines>
                <line number="7" hits="0" branch="false" />
              </lines>
            </method>
            <method name="get_FullName" signature="()" line-rate="0" branch-rate="1" complexity="1">
              <lines>
                <line number="9" hits="0" branch="false" />
              </lines>
            </method>
            <method name="get_PhoneNumber" signature="()" line-rate="0" branch-rate="1" complexity="1">
              <lines>
                <line number="11" hits="0" branch="false" />
              </lines>
            </method>
          </methods>
          <lines>
            <line number="5" hits="0" branch="false" />
            <line number="7" hits="0" branch="false" />
            <line number="9" hits="0" branch="false" />
            <line number="11" hits="0" branch="false" />
          </lines>
        </class>
        <class name="HouseRentingSystem.Core.Models.Agent.AgentServiceModel" filename="C:\GitHub\Softuni-ASP.NET-Core\HouseRentingSysteм\HouseRentingSystem.Core\Models\Agent\AgentServiceModel.cs" line-rate="0" branch-rate="1" complexity="2">
          <methods>
            <method name="get_PhoneNumber" signature="()" line-rate="0" branch-rate="1" complexity="1">
              <lines>
                <line number="11" hits="0" branch="false" />
              </lines>
            </method>
            <method name="get_Email" signature="()" line-rate="0" branch-rate="1" complexity="1">
              <lines>
                <line number="13" hits="0" branch="false" />
              </lines>
            </method>
          </methods>
          <lines>
            <line number="11" hits="0" branch="false" />
            <line number="13" hits="0" branch="false" />
          </lines>
        </class>
        <class name="HouseRentingSystem.Core.Models.Agent.BecomeAgentModel" filename="C:\GitHub\Softuni-ASP.NET-Core\HouseRentingSysteм\HouseRentingSystem.Core\Models\Agent\BecomeAgentModel.cs" line-rate="0" branch-rate="1" complexity="1">
          <methods>
            <method name="get_PhoneNumber" signature="()" line-rate="0" branch-rate="1" complexity="1">
              <lines>
                <line number="16" hits="0" branch="false" />
              </lines>
            </method>
          </methods>
          <lines>
            <line number="16" hits="0" branch="false" />
          </lines>
        </class>
        <class name="HouseRentingSystem.Core.Models.House.HouseCategoryModel" filename="C:\GitHub\Softuni-ASP.NET-Core\HouseRentingSysteм\HouseRentingSystem.Core\Models\House\HouseCategoryModel.cs" line-rate="0" branch-rate="1" complexity="2">
          <methods>
            <method name="get_Id" signature="()" line-rate="0" branch-rate="1" complexity="1">
              <lines>
                <line number="11" hits="0" branch="false" />
              </lines>
            </method>
            <method name="get_Name" signature="()" line-rate="0" branch-rate="1" complexity="1">
              <lines>
                <line number="13" hits="0" branch="false" />
              </lines>
            </method>
          </methods>
          <lines>
            <line number="11" hits="0" branch="false" />
            <line number="13" hits="0" branch="false" />
          </lines>
        </class>
        <class name="HouseRentingSystem.Core.Models.House.HouseDetailsModel" filename="C:\GitHub\Softuni-ASP.NET-Core\HouseRentingSysteм\HouseRentingSystem.Core\Models\House\HouseDetailsModel.cs" line-rate="0" branch-rate="1" complexity="3">
          <methods>
            <method name="get_Description" signature="()" line-rate="0" branch-rate="1" complexity="1">
              <lines>
                <line number="12" hits="0" branch="false" />
              </lines>
            </method>
            <method name="get_Category" signature="()" line-rate="0" branch-rate="1" complexity="1">
              <lines>
                <line number="14" hits="0" branch="false" />
              </lines>
            </method>
            <method name="get_Agent" signature="()" line-rate="0" branch-rate="1" complexity="1">
              <lines>
                <line number="16" hits="0" branch="false" />
              </lines>
            </method>
          </methods>
          <lines>
            <line number="12" hits="0" branch="false" />
            <line number="14" hits="0" branch="false" />
            <line number="16" hits="0" branch="false" />
          </lines>
        </class>
        <class name="HouseRentingSystem.Core.Models.House.HouseDetailsViewModel" filename="C:\GitHub\Softuni-ASP.NET-Core\HouseRentingSysteм\HouseRentingSystem.Core\Models\House\HouseDetailsViewModel.cs" line-rate="0" branch-rate="1" complexity="3">
          <methods>
            <method name="get_Title" signature="()" line-rate="0" branch-rate="1" complexity="1">
              <lines>
                <line number="11" hits="0" branch="false" />
              </lines>
            </method>
            <method name="get_Address" signature="()" line-rate="0" branch-rate="1" complexity="1">
              <lines>
                <line number="13" hits="0" branch="false" />
              </lines>
            </method>
            <method name="get_ImageUrl" signature="()" line-rate="0" branch-rate="1" complexity="1">
              <lines>
                <line number="15" hits="0" branch="false" />
              </lines>
            </method>
          </methods>
          <lines>
            <line number="11" hits="0" branch="false" />
            <line number="13" hits="0" branch="false" />
            <line number="15" hits="0" branch="false" />
          </lines>
        </class>
        <class name="HouseRentingSystem.Core.Models.House.HouseHomeModel" filename="C:\GitHub\Softuni-ASP.NET-Core\HouseRentingSysteм\HouseRentingSystem.Core\Models\House\HouseHomeModel.cs" line-rate="1" branch-rate="1" complexity="4">
          <methods>
            <method name="get_Id" signature="()" line-rate="1" branch-rate="1" complexity="1">
              <lines>
                <line number="12" hits="6" branch="false" />
              </lines>
            </method>
            <method name="get_Title" signature="()" line-rate="1" branch-rate="1" complexity="1">
              <lines>
                <line number="14" hits="6" branch="false" />
              </lines>
            </method>
            <method name="get_ImageUrl" signature="()" line-rate="1" branch-rate="1" complexity="1">
              <lines>
                <line number="16" hits="6" branch="false" />
              </lines>
            </method>
            <method name="get_Address" signature="()" line-rate="1" branch-rate="1" complexity="1">
              <lines>
                <line number="18" hits="6" branch="false" />
              </lines>
            </method>
          </methods>
          <lines>
            <line number="12" hits="6" branch="false" />
            <line number="14" hits="6" branch="false" />
            <line number="16" hits="6" branch="false" />
            <line number="18" hits="6" branch="false" />
          </lines>
        </class>
        <class name="HouseRentingSystem.Core.Models.House.HouseModel" filename="C:\GitHub\Softuni-ASP.NET-Core\HouseRentingSysteм\HouseRentingSystem.Core\Models\House\HouseModel.cs" line-rate="1" branch-rate="1" complexity="8">
          <methods>
            <method name="get_Id" signature="()" line-rate="1" branch-rate="1" complexity="1">
              <lines>
                <line number="13" hits="1" branch="false" />
              </lines>
            </method>
            <method name="get_Title" signature="()" line-rate="1" branch-rate="1" complexity="1">
              <lines>
                <line number="17" hits="3" branch="false" />
              </lines>
            </method>
            <method name="get_Address" signature="()" line-rate="1" branch-rate="1" complexity="1">
              <lines>
                <line number="21" hits="3" branch="false" />
              </lines>
            </method>
            <method name="get_Description" signature="()" line-rate="1" branch-rate="1" complexity="1">
              <lines>
                <line number="25" hits="3" branch="false" />
              </lines>
            </method>
            <method name="get_ImageUrl" signature="()" line-rate="1" branch-rate="1" complexity="1">
              <lines>
                <line number="29" hits="3" branch="false" />
              </lines>
            </method>
            <method name="get_PricePerMonth" signature="()" line-rate="1" branch-rate="1" complexity="1">
              <lines>
                <line number="34" hits="1" branch="false" />
              </lines>
            </method>
            <method name="get_CategoryId" signature="()" line-rate="1" branch-rate="1" complexity="1">
              <lines>
                <line number="37" hits="1" branch="false" />
              </lines>
            </method>
            <method name="get_HouseCategories" signature="()" line-rate="1" branch-rate="1" complexity="1">
              <lines>
                <line number="39" hits="1" branch="false" />
              </lines>
            </method>
          </methods>
          <lines>
            <line number="13" hits="1" branch="false" />
            <line number="17" hits="3" branch="false" />
            <line number="21" hits="3" branch="false" />
            <line number="25" hits="3" branch="false" />
            <line number="29" hits="3" branch="false" />
            <line number="34" hits="1" branch="false" />
            <line number="37" hits="1" branch="false" />
            <line number="39" hits="1" branch="false" />
          </lines>
        </class>
        <class name="HouseRentingSystem.Core.Models.House.HouseServiceModel" filename="C:\GitHub\Softuni-ASP.NET-Core\HouseRentingSysteм\HouseRentingSystem.Core\Models\House\HouseServiceModel.cs" line-rate="0" branch-rate="1" complexity="6">
          <methods>
            <method name="get_Id" signature="()" line-rate="0" branch-rate="1" complexity="1">
              <lines>
                <line number="14" hits="0" branch="false" />
              </lines>
            </method>
            <method name="get_Title" signature="()" line-rate="0" branch-rate="1" complexity="1">
              <lines>
                <line number="16" hits="0" branch="false" />
              </lines>
            </method>
            <method name="get_Address" signature="()" line-rate="0" branch-rate="1" complexity="1">
              <lines>
                <line number="18" hits="0" branch="false" />
              </lines>
            </method>
            <method name="get_ImageUrl" signature="()" line-rate="0" branch-rate="1" complexity="1">
              <lines>
                <line number="21" hits="0" branch="false" />
              </lines>
            </method>
            <method name="get_PricePerMonth" signature="()" line-rate="0" branch-rate="1" complexity="1">
              <lines>
                <line number="24" hits="0" branch="false" />
              </lines>
            </method>
            <method name="get_IsRented" signature="()" line-rate="0" branch-rate="1" complexity="1">
              <lines>
                <line number="27" hits="0" branch="false" />
              </lines>
            </method>
          </methods>
          <lines>
            <line number="14" hits="0" branch="false" />
            <line number="16" hits="0" branch="false" />
            <line number="18" hits="0" branch="false" />
            <line number="21" hits="0" branch="false" />
            <line number="24" hits="0" branch="false" />
            <line number="27" hits="0" branch="false" />
          </lines>
        </class>
        <class name="HouseRentingSystem.Core.Models.House.HousesQueryModel" filename="C:\GitHub\Softuni-ASP.NET-Core\HouseRentingSysteм\HouseRentingSystem.Core\Models\House\HousesQueryModel.cs" line-rate="0" branch-rate="1" complexity="2">
          <methods>
            <method name="get_TotalHousesCount" signature="()" line-rate="0" branch-rate="1" complexity="1">
              <lines>
                <line number="11" hits="0" branch="false" />
              </lines>
            </method>
            <method name="get_Houses" signature="()" line-rate="0" branch-rate="1" complexity="1">
              <lines>
                <line number="13" hits="0" branch="false" />
              </lines>
            </method>
          </methods>
          <lines>
            <line number="11" hits="0" branch="false" />
            <line number="13" hits="0" branch="false" />
          </lines>
        </class>
        <class name="HouseRentingSystem.Core.Models.Statistics.StatisticsServiceModel" filename="C:\GitHub\Softuni-ASP.NET-Core\HouseRentingSysteм\HouseRentingSystem.Core\Models\Statistics\StatisticsServiceModel.cs" line-rate="0" branch-rate="1" complexity="2">
          <methods>
            <method name="get_TotalHouses" signature="()" line-rate="0" branch-rate="1" complexity="1">
              <lines>
                <line number="5" hits="0" branch="false" />
              </lines>
            </method>
            <method name="get_TotalRents" signature="()" line-rate="0" branch-rate="1" complexity="1">
              <lines>
                <line number="7" hits="0" branch="false" />
              </lines>
            </method>
          </methods>
          <lines>
            <line number="5" hits="0" branch="false" />
            <line number="7" hits="0" branch="false" />
          </lines>
        </class>
        <class name="HouseRentingSystem.Core.Services.Admin.UserService" filename="C:\GitHub\Softuni-ASP.NET-Core\HouseRentingSysteм\HouseRentingSystem.Core\Services\Admin\UserService.cs" line-rate="0" branch-rate="1" complexity="4">
          <methods>
            <method name=".ctor" signature="(...)" line-rate="0" branch-rate="1" complexity="1">
              <lines>
                <line number="21" hits="0" branch="false" />
                <line number="22" hits="0" branch="false" />
                <line number="23" hits="0" branch="false" />
                <line number="24" hits="0" branch="false" />
                <line number="25" hits="0" branch="false" />
              </lines>
            </method>
            <method name="All" signature="()" line-rate="0" branch-rate="1" complexity="1">
              <lines>
                <line number="28" hits="0" branch="false" />
                <line number="31" hits="0" branch="false" />
                <line number="32" hits="0" branch="false" />
                <line number="33" hits="0" branch="false" />
                <line number="34" hits="0" branch="false" />
                <line number="35" hits="0" branch="false" />
                <line number="36" hits="0" branch="false" />
                <line number="37" hits="0" branch="false" />
                <line number="38" hits="0" branch="false" />
                <line number="39" hits="0" branch="false" />
                <line number="40" hits="0" branch="false" />
                <line number="42" hits="0" branch="false" />
                <line number="43" hits="0" branch="false" />
                <line number="44" hits="0" branch="false" />
                <line number="46" hits="0" branch="false" />
                <line number="47" hits="0" branch="false" />
                <line number="48" hits="0" branch="false" />
                <line number="49" hits="0" branch="false" />
                <line number="50" hits="0" branch="false" />
                <line number="51" hits="0" branch="false" />
                <line number="52" hits="0" branch="false" />
                <line number="53" hits="0" branch="false" />
                <line number="54" hits="0" branch="false" />
                <line number="55" hits="0" branch="false" />
                <line number="57" hits="0" branch="false" />
                <line number="58" hits="0" branch="false" />
              </lines>
            </method>
            <method name="Forget" signature="()" line-rate="0" branch-rate="1" complexity="1">
              <lines>
                <line number="61" hits="0" branch="false" />
                <line number="62" hits="0" branch="false" />
                <line number="64" hits="0" branch="false" />
                <line number="65" hits="0" branch="false" />
                <line number="66" hits="0" branch="false" />
                <line number="67" hits="0" branch="false" />
                <line number="68" hits="0" branch="false" />
                <line number="69" hits="0" branch="false" />
                <line number="70" hits="0" branch="false" />
                <line number="71" hits="0" branch="false" />
                <line number="72" hits="0" branch="false" />
                <line number="74" hits="0" branch="false" />
                <line number="76" hits="0" branch="false" />
                <line number="77" hits="0" branch="false" />
              </lines>
            </method>
            <method name="UserFullName" signature="()" line-rate="0" branch-rate="1" complexity="1">
              <lines>
                <line number="80" hits="0" branch="false" />
                <line number="81" hits="0" branch="false" />
                <line number="83" hits="0" branch="false" />
                <line number="84" hits="0" branch="false" />
              </lines>
            </method>
          </methods>
          <lines>
            <line number="21" hits="0" branch="false" />
            <line number="22" hits="0" branch="false" />
            <line number="23" hits="0" branch="false" />
            <line number="24" hits="0" branch="false" />
            <line number="25" hits="0" branch="false" />
            <line number="28" hits="0" branch="false" />
            <line number="31" hits="0" branch="false" />
            <line number="32" hits="0" branch="false" />
            <line number="33" hits="0" branch="false" />
            <line number="34" hits="0" branch="false" />
            <line number="35" hits="0" branch="false" />
            <line number="36" hits="0" branch="false" />
            <line number="37" hits="0" branch="false" />
            <line number="38" hits="0" branch="false" />
            <line number="39" hits="0" branch="false" />
            <line number="40" hits="0" branch="false" />
            <line number="42" hits="0" branch="false" />
            <line number="43" hits="0" branch="false" />
            <line number="44" hits="0" branch="false" />
            <line number="46" hits="0" branch="false" />
            <line number="47" hits="0" branch="false" />
            <line number="48" hits="0" branch="false" />
            <line number="49" hits="0" branch="false" />
            <line number="50" hits="0" branch="false" />
            <line number="51" hits="0" branch="false" />
            <line number="52" hits="0" branch="false" />
            <line number="53" hits="0" branch="false" />
            <line number="54" hits="0" branch="false" />
            <line number="55" hits="0" branch="false" />
            <line number="57" hits="0" branch="false" />
            <line number="58" hits="0" branch="false" />
            <line number="61" hits="0" branch="false" />
            <line number="62" hits="0" branch="false" />
            <line number="64" hits="0" branch="false" />
            <line number="65" hits="0" branch="false" />
            <line number="66" hits="0" branch="false" />
            <line number="67" hits="0" branch="false" />
            <line number="68" hits="0" branch="false" />
            <line number="69" hits="0" branch="false" />
            <line number="70" hits="0" branch="false" />
            <line number="71" hits="0" branch="false" />
            <line number="72" hits="0" branch="false" />
            <line number="74" hits="0" branch="false" />
            <line number="76" hits="0" branch="false" />
            <line number="77" hits="0" branch="false" />
            <line number="80" hits="0" branch="false" />
            <line number="81" hits="0" branch="false" />
            <line number="83" hits="0" branch="false" />
            <line number="84" hits="0" branch="false" />
          </lines>
        </class>
        <class name="HouseRentingSystem.Core.Services.AgentService" filename="C:\GitHub\Softuni-ASP.NET-Core\HouseRentingSysteм\HouseRentingSystem.Core\Services\AgentService.cs" line-rate="0" branch-rate="0" complexity="7">
          <methods>
            <method name=".ctor" signature="(...)" line-rate="0" branch-rate="1" complexity="1">
              <lines>
                <line number="17" hits="0" branch="false" />
                <line number="18" hits="0" branch="false" />
                <line number="19" hits="0" branch="false" />
                <line number="20" hits="0" branch="false" />
              </lines>
            </method>
            <method name="Create" signature="()" line-rate="0" branch-rate="1" complexity="1">
              <lines>
                <line number="23" hits="0" branch="false" />
                <line number="24" hits="0" branch="false" />
                <line number="25" hits="0" branch="false" />
                <line number="26" hits="0" branch="false" />
                <line number="27" hits="0" branch="false" />
                <line number="28" hits="0" branch="false" />
                <line number="30" hits="0" branch="false" />
                <line number="31" hits="0" branch="false" />
                <line number="32" hits="0" branch="false" />
              </lines>
            </method>
            <method name="ExistsById" signature="()" line-rate="0" branch-rate="1" complexity="1">
              <lines>
                <line number="35" hits="0" branch="false" />
                <line number="36" hits="0" branch="false" />
                <line number="37" hits="0" branch="false" />
                <line number="38" hits="0" branch="false" />
              </lines>
            </method>
            <method name="GetAgentId" signature="()" line-rate="0" branch-rate="0" complexity="2">
              <lines>
                <line number="41" hits="0" branch="false" />
                <line number="42" hits="0" branch="true" condition-coverage="0% (0/2)" />
                <line number="43" hits="0" branch="false" />
                <line number="44" hits="0" branch="false" />
              </lines>
            </method>
            <method name="UserHasRents" signature="()" line-rate="0" branch-rate="1" complexity="1">
              <lines>
                <line number="47" hits="0" branch="false" />
                <line number="48" hits="0" branch="false" />
                <line number="49" hits="0" branch="false" />
                <line number="50" hits="0" branch="false" />
              </lines>
            </method>
            <method name="UserWithPhoneNumberExists" signature="()" line-rate="0" branch-rate="1" complexity="1">
              <lines>
                <line number="53" hits="0" branch="false" />
                <line number="54" hits="0" branch="false" />
                <line number="55" hits="0" branch="false" />
                <line number="56" hits="0" branch="false" />
              </lines>
            </method>
          </methods>
          <lines>
            <line number="17" hits="0" branch="false" />
            <line number="18" hits="0" branch="false" />
            <line number="19" hits="0" branch="false" />
            <line number="20" hits="0" branch="false" />
            <line number="23" hits="0" branch="false" />
            <line number="24" hits="0" branch="false" />
            <line number="25" hits="0" branch="false" />
            <line number="26" hits="0" branch="false" />
            <line number="27" hits="0" branch="false" />
            <line number="28" hits="0" branch="false" />
            <line number="30" hits="0" branch="false" />
            <line number="31" hits="0" branch="false" />
            <line number="32" hits="0" branch="false" />
            <line number="35" hits="0" branch="false" />
            <line number="36" hits="0" branch="false" />
            <line number="37" hits="0" branch="false" />
            <line number="38" hits="0" branch="false" />
            <line number="41" hits="0" branch="false" />
            <line number="42" hits="0" branch="true" condition-coverage="0% (0/2)" />
            <line number="43" hits="0" branch="false" />
            <line number="44" hits="0" branch="false" />
            <line number="47" hits="0" branch="false" />
            <line number="48" hits="0" branch="false" />
            <line number="49" hits="0" branch="false" />
            <line number="50" hits="0" branch="false" />
            <line number="53" hits="0" branch="false" />
            <line number="54" hits="0" branch="false" />
            <line number="55" hits="0" branch="false" />
            <line number="56" hits="0" branch="false" />
          </lines>
        </class>
        <class name="HouseRentingSystem.Core.Services.HouseService" filename="C:\GitHub\Softuni-ASP.NET-Core\HouseRentingSysteм\HouseRentingSystem.Core\Services\HouseService.cs" line-rate="0.193548387096774" branch-rate="0.111111111111111" complexity="33">
          <methods>
            <method name=".ctor" signature="(...)" line-rate="1" branch-rate="1" complexity="1">
              <lines>
                <line number="25" hits="4" branch="false" />
                <line number="26" hits="4" branch="false" />
                <line number="27" hits="4" branch="false" />
                <line number="28" hits="4" branch="false" />
                <line number="29" hits="4" branch="false" />
                <line number="30" hits="4" branch="false" />
                <line number="31" hits="4" branch="false" />
                <line number="32" hits="4" branch="false" />
                <line number="33" hits="4" branch="false" />
              </lines>
            </method>
            <method name="All" signature="()" line-rate="0" branch-rate="0" complexity="8">
              <lines>
                <line number="41" hits="0" branch="false" />
                <line number="42" hits="0" branch="false" />
                <line number="44" hits="0" branch="false" />
                <line number="45" hits="0" branch="false" />
                <line number="47" hits="0" branch="true" condition-coverage="0% (0/2)" />
                <line number="48" hits="0" branch="false" />
                <line number="49" hits="0" branch="false" />
                <line number="50" hits="0" branch="false" />
                <line number="51" hits="0" branch="false" />
                <line number="53" hits="0" branch="true" condition-coverage="0% (0/2)" />
                <line number="54" hits="0" branch="false" />
                <line number="55" hits="0" branch="false" />
                <line number="57" hits="0" branch="false" />
                <line number="58" hits="0" branch="false" />
                <line number="59" hits="0" branch="false" />
                <line number="60" hits="0" branch="false" />
                <line number="61" hits="0" branch="false" />
                <line number="63" hits="0" branch="true" condition-coverage="0% (0/4)" />
                <line number="64" hits="0" branch="false" />
                <line number="65" hits="0" branch="false" />
                <line number="66" hits="0" branch="false" />
                <line number="67" hits="0" branch="false" />
                <line number="68" hits="0" branch="false" />
                <line number="69" hits="0" branch="false" />
                <line number="70" hits="0" branch="false" />
                <line number="71" hits="0" branch="false" />
                <line number="72" hits="0" branch="false" />
                <line number="73" hits="0" branch="false" />
                <line number="75" hits="0" branch="false" />
                <line number="76" hits="0" branch="false" />
                <line number="77" hits="0" branch="false" />
                <line number="78" hits="0" branch="false" />
                <line number="79" hits="0" branch="false" />
                <line number="80" hits="0" branch="false" />
                <line number="81" hits="0" branch="false" />
                <line number="82" hits="0" branch="false" />
                <line number="83" hits="0" branch="false" />
                <line number="84" hits="0" branch="false" />
                <line number="85" hits="0" branch="false" />
                <line number="86" hits="0" branch="false" />
                <line number="87" hits="0" branch="false" />
                <line number="89" hits="0" branch="false" />
                <line number="91" hits="0" branch="false" />
                <line number="92" hits="0" branch="false" />
              </lines>
            </method>
            <method name="AllCategories" signature="()" line-rate="0" branch-rate="1" complexity="1">
              <lines>
                <line number="95" hits="0" branch="false" />
                <line number="96" hits="0" branch="false" />
                <line number="97" hits="0" branch="false" />
                <line number="98" hits="0" branch="false" />
                <line number="99" hits="0" branch="false" />
                <line number="100" hits="0" branch="false" />
                <line number="101" hits="0" branch="false" />
                <line number="102" hits="0" branch="false" />
                <line number="103" hits="0" branch="false" />
                <line number="104" hits="0" branch="false" />
              </lines>
            </method>
            <method name="AllCategoriesNames" signature="()" line-rate="0" branch-rate="1" complexity="1">
              <lines>
                <line number="107" hits="0" branch="false" />
                <line number="108" hits="0" branch="false" />
                <line number="109" hits="0" branch="false" />
                <line number="110" hits="0" branch="false" />
                <line number="111" hits="0" branch="false" />
                <line number="112" hits="0" branch="false" />
              </lines>
            </method>
            <method name="AllHousesByAgentId" signature="()" line-rate="0" branch-rate="1" complexity="1">
              <lines>
                <line number="115" hits="0" branch="false" />
                <line number="116" hits="0" branch="false" />
                <line number="117" hits="0" branch="false" />
                <line number="118" hits="0" branch="false" />
                <line number="119" hits="0" branch="false" />
                <line number="120" hits="0" branch="false" />
                <line number="121" hits="0" branch="false" />
                <line number="122" hits="0" branch="false" />
                <line number="123" hits="0" branch="false" />
                <line number="124" hits="0" branch="false" />
                <line number="125" hits="0" branch="false" />
                <line number="126" hits="0" branch="false" />
                <line number="127" hits="0" branch="false" />
                <line number="128" hits="0" branch="false" />
              </lines>
            </method>
            <method name="AllHousesByUserId" signature="()" line-rate="0" branch-rate="1" complexity="1">
              <lines>
                <line number="131" hits="0" branch="false" />
                <line number="132" hits="0" branch="false" />
                <line number="133" hits="0" branch="false" />
                <line number="134" hits="0" branch="false" />
                <line number="135" hits="0" branch="false" />
                <line number="136" hits="0" branch="false" />
                <line number="137" hits="0" branch="false" />
                <line number="138" hits="0" branch="false" />
                <line number="139" hits="0" branch="false" />
                <line number="140" hits="0" branch="false" />
                <line number="141" hits="0" branch="false" />
                <line number="142" hits="0" branch="false" />
                <line number="143" hits="0" branch="false" />
                <line number="144" hits="0" branch="false" />
              </lines>
            </method>
            <method name="CategoryExists" signature="()" line-rate="0" branch-rate="1" complexity="1">
              <lines>
                <line number="147" hits="0" branch="false" />
                <line number="148" hits="0" branch="false" />
                <line number="149" hits="0" branch="false" />
                <line number="150" hits="0" branch="false" />
              </lines>
            </method>
            <method name="Create" signature="()" line-rate="0" branch-rate="1" complexity="1">
              <lines>
                <line number="153" hits="0" branch="false" />
                <line number="154" hits="0" branch="false" />
                <line number="155" hits="0" branch="false" />
                <line number="156" hits="0" branch="false" />
                <line number="157" hits="0" branch="false" />
                <line number="158" hits="0" branch="false" />
                <line number="159" hits="0" branch="false" />
                <line number="160" hits="0" branch="false" />
                <line number="161" hits="0" branch="false" />
                <line number="162" hits="0" branch="false" />
                <line number="163" hits="0" branch="false" />
                <line number="166" hits="0" branch="false" />
                <line number="167" hits="0" branch="false" />
                <line number="168" hits="0" branch="false" />
                <line number="169" hits="0" branch="false" />
                <line number="170" hits="0" branch="false" />
                <line number="171" hits="0" branch="false" />
                <line number="172" hits="0" branch="false" />
                <line number="173" hits="0" branch="false" />
                <line number="176" hits="0" branch="false" />
                <line number="177" hits="0" branch="false" />
              </lines>
            </method>
            <method name="Delete" signature="()" line-rate="1" branch-rate="1" complexity="1">
              <lines>
                <line number="180" hits="1" branch="false" />
                <line number="181" hits="1" branch="false" />
                <line number="182" hits="1" branch="false" />
                <line number="184" hits="1" branch="false" />
                <line number="185" hits="1" branch="false" />
              </lines>
            </method>
            <method name="Edit" signature="()" line-rate="1" branch-rate="1" complexity="2">
              <lines>
                <line number="188" hits="1" branch="false" />
                <line number="189" hits="1" branch="false" />
                <line number="190" hits="1" branch="false" />
                <line number="192" hits="1" branch="true" condition-coverage="100% (2/2)" />
                <line number="193" hits="1" branch="false" />
                <line number="194" hits="1" branch="false" />
                <line number="195" hits="1" branch="false" />
                <line number="196" hits="1" branch="false" />
                <line number="197" hits="1" branch="false" />
                <line number="198" hits="1" branch="false" />
                <line number="199" hits="1" branch="false" />
                <line number="201" hits="1" branch="false" />
                <line number="202" hits="1" branch="false" />
                <line number="203" hits="1" branch="false" />
              </lines>
            </method>
            <method name="Exists" signature="()" line-rate="0" branch-rate="1" complexity="1">
              <lines>
                <line number="206" hits="0" branch="false" />
                <line number="207" hits="0" branch="false" />
                <line number="208" hits="0" branch="false" />
                <line number="209" hits="0" branch="false" />
              </lines>
            </method>
            <method name="GetHouseCategoryId" signature="()" line-rate="0" branch-rate="1" complexity="1">
              <lines>
                <line number="212" hits="0" branch="false" />
                <line number="213" hits="0" branch="false" />
                <line number="214" hits="0" branch="false" />
              </lines>
            </method>
            <method name="HasAgentWithId" signature="()" line-rate="0" branch-rate="1" complexity="1">
              <lines>
                <line number="217" hits="0" branch="false" />
                <line number="218" hits="0" branch="false" />
                <line number="219" hits="0" branch="false" />
                <line number="220" hits="0" branch="false" />
                <line number="221" hits="0" branch="false" />
                <line number="222" hits="0" branch="false" />
                <line number="223" hits="0" branch="false" />
              </lines>
            </method>
            <method name="HousesDetailsById" signature="()" line-rate="0" branch-rate="1" complexity="1">
              <lines>
                <line number="226" hits="0" branch="false" />
                <line number="227" hits="0" branch="false" />
                <line number="228" hits="0" branch="false" />
                <line number="229" hits="0" branch="false" />
                <line number="230" hits="0" branch="false" />
                <line number="231" hits="0" branch="false" />
                <line number="232" hits="0" branch="false" />
                <line number="233" hits="0" branch="false" />
                <line number="234" hits="0" branch="false" />
                <line number="235" hits="0" branch="false" />
                <line number="236" hits="0" branch="false" />
                <line number="237" hits="0" branch="false" />
                <line number="238" hits="0" branch="false" />
                <line number="239" hits="0" branch="false" />
                <line number="240" hits="0" branch="false" />
                <line number="241" hits="0" branch="false" />
                <line number="242" hits="0" branch="false" />
                <line number="243" hits="0" branch="false" />
                <line number="244" hits="0" branch="false" />
                <line number="245" hits="0" branch="false" />
                <line number="246" hits="0" branch="false" />
              </lines>
            </method>
            <method name="IsRented" signature="()" line-rate="0" branch-rate="1" complexity="1">
              <lines>
                <line number="249" hits="0" branch="false" />
                <line number="250" hits="0" branch="false" />
                <line number="251" hits="0" branch="false" />
              </lines>
            </method>
            <method name="IsRentedByUserWithId" signature="()" line-rate="0" branch-rate="1" complexity="1">
              <lines>
                <line number="254" hits="0" branch="false" />
                <line number="255" hits="0" branch="false" />
                <line number="256" hits="0" branch="false" />
                <line number="257" hits="0" branch="false" />
                <line number="258" hits="0" branch="false" />
                <line number="259" hits="0" branch="false" />
              </lines>
            </method>
            <method name="LastThreeHouses" signature="()" line-rate="1" branch-rate="1" complexity="1">
              <lines>
                <line number="262" hits="2" branch="false" />
                <line number="263" hits="2" branch="false" />
                <line number="264" hits="2" branch="false" />
                <line number="265" hits="2" branch="false" />
                <line number="266" hits="2" branch="false" />
                <line number="267" hits="2" branch="false" />
                <line number="268" hits="2" branch="false" />
                <line number="269" hits="2" branch="false" />
                <line number="270" hits="2" branch="false" />
                <line number="271" hits="2" branch="false" />
                <line number="272" hits="2" branch="false" />
                <line number="273" hits="2" branch="false" />
                <line number="274" hits="2" branch="false" />
                <line number="275" hits="1" branch="false" />
              </lines>
            </method>
            <method name="Leave" signature="()" line-rate="0" branch-rate="0" complexity="4">
              <lines>
                <line number="278" hits="0" branch="false" />
                <line number="279" hits="0" branch="false" />
                <line number="281" hits="0" branch="true" condition-coverage="0% (0/4)" />
                <line number="282" hits="0" branch="false" />
                <line number="283" hits="0" branch="false" />
                <line number="286" hits="0" branch="false" />
                <line number="287" hits="0" branch="false" />
                <line number="289" hits="0" branch="false" />
                <line number="290" hits="0" branch="false" />
              </lines>
            </method>
            <method name="Rent" signature="()" line-rate="0" branch-rate="0" complexity="4">
              <lines>
                <line number="293" hits="0" branch="false" />
                <line number="294" hits="0" branch="false" />
                <line number="296" hits="0" branch="true" condition-coverage="0% (0/4)" />
                <line number="297" hits="0" branch="false" />
                <line number="298" hits="0" branch="false" />
                <line number="301" hits="0" branch="false" />
                <line number="302" hits="0" branch="false" />
                <line number="304" hits="0" branch="false" />
                <line number="305" hits="0" branch="false" />
              </lines>
            </method>
          </methods>
          <lines>
            <line number="25" hits="4" branch="false" />
            <line number="26" hits="4" branch="false" />
            <line number="27" hits="4" branch="false" />
            <line number="28" hits="4" branch="false" />
            <line number="29" hits="4" branch="false" />
            <line number="30" hits="4" branch="false" />
            <line number="31" hits="4" branch="false" />
            <line number="32" hits="4" branch="false" />
            <line number="33" hits="4" branch="false" />
            <line number="41" hits="0" branch="false" />
            <line number="42" hits="0" branch="false" />
            <line number="44" hits="0" branch="false" />
            <line number="45" hits="0" branch="false" />
            <line number="47" hits="0" branch="true" condition-coverage="0% (0/2)" />
            <line number="48" hits="0" branch="false" />
            <line number="49" hits="0" branch="false" />
            <line number="50" hits="0" branch="false" />
            <line number="51" hits="0" branch="false" />
            <line number="53" hits="0" branch="true" condition-coverage="0% (0/2)" />
            <line number="54" hits="0" branch="false" />
            <line number="55" hits="0" branch="false" />
            <line number="57" hits="0" branch="false" />
            <line number="58" hits="0" branch="false" />
            <line number="59" hits="0" branch="false" />
            <line number="60" hits="0" branch="false" />
            <line number="61" hits="0" branch="false" />
            <line number="63" hits="0" branch="true" condition-coverage="0% (0/4)" />
            <line number="64" hits="0" branch="false" />
            <line number="65" hits="0" branch="false" />
            <line number="66" hits="0" branch="false" />
            <line number="67" hits="0" branch="false" />
            <line number="68" hits="0" branch="false" />
            <line number="69" hits="0" branch="false" />
            <line number="70" hits="0" branch="false" />
            <line number="71" hits="0" branch="false" />
            <line number="72" hits="0" branch="false" />
            <line number="73" hits="0" branch="false" />
            <line number="75" hits="0" branch="false" />
            <line number="76" hits="0" branch="false" />
            <line number="77" hits="0" branch="false" />
            <line number="78" hits="0" branch="false" />
            <line number="79" hits="0" branch="false" />
            <line number="80" hits="0" branch="false" />
            <line number="81" hits="0" branch="false" />
            <line number="82" hits="0" branch="false" />
            <line number="83" hits="0" branch="false" />
            <line number="84" hits="0" branch="false" />
            <line number="85" hits="0" branch="false" />
            <line number="86" hits="0" branch="false" />
            <line number="87" hits="0" branch="false" />
            <line number="89" hits="0" branch="false" />
            <line number="91" hits="0" branch="false" />
            <line number="92" hits="0" branch="false" />
            <line number="95" hits="0" branch="false" />
            <line number="96" hits="0" branch="false" />
            <line number="97" hits="0" branch="false" />
            <line number="98" hits="0" branch="false" />
            <line number="99" hits="0" branch="false" />
            <line number="100" hits="0" branch="false" />
            <line number="101" hits="0" branch="false" />
            <line number="102" hits="0" branch="false" />
            <line number="103" hits="0" branch="false" />
            <line number="104" hits="0" branch="false" />
            <line number="107" hits="0" branch="false" />
            <line number="108" hits="0" branch="false" />
            <line number="109" hits="0" branch="false" />
            <line number="110" hits="0" branch="false" />
            <line number="111" hits="0" branch="false" />
            <line number="112" hits="0" branch="false" />
            <line number="115" hits="0" branch="false" />
            <line number="116" hits="0" branch="false" />
            <line number="117" hits="0" branch="false" />
            <line number="118" hits="0" branch="false" />
            <line number="119" hits="0" branch="false" />
            <line number="120" hits="0" branch="false" />
            <line number="121" hits="0" branch="false" />
            <line number="122" hits="0" branch="false" />
            <line number="123" hits="0" branch="false" />
            <line number="124" hits="0" branch="false" />
            <line number="125" hits="0" branch="false" />
            <line number="126" hits="0" branch="false" />
            <line number="127" hits="0" branch="false" />
            <line number="128" hits="0" branch="false" />
            <line number="131" hits="0" branch="false" />
            <line number="132" hits="0" branch="false" />
            <line number="133" hits="0" branch="false" />
            <line number="134" hits="0" branch="false" />
            <line number="135" hits="0" branch="false" />
            <line number="136" hits="0" branch="false" />
            <line number="137" hits="0" branch="false" />
            <line number="138" hits="0" branch="false" />
            <line number="139" hits="0" branch="false" />
            <line number="140" hits="0" branch="false" />
            <line number="141" hits="0" branch="false" />
            <line number="142" hits="0" branch="false" />
            <line number="143" hits="0" branch="false" />
            <line number="144" hits="0" branch="false" />
            <line number="147" hits="0" branch="false" />
            <line number="148" hits="0" branch="false" />
            <line number="149" hits="0" branch="false" />
            <line number="150" hits="0" branch="false" />
            <line number="153" hits="0" branch="false" />
            <line number="154" hits="0" branch="false" />
            <line number="155" hits="0" branch="false" />
            <line number="156" hits="0" branch="false" />
            <line number="157" hits="0" branch="false" />
            <line number="158" hits="0" branch="false" />
            <line number="159" hits="0" branch="false" />
            <line number="160" hits="0" branch="false" />
            <line number="161" hits="0" branch="false" />
            <line number="162" hits="0" branch="false" />
            <line number="163" hits="0" branch="false" />
            <line number="166" hits="0" branch="false" />
            <line number="167" hits="0" branch="false" />
            <line number="168" hits="0" branch="false" />
            <line number="169" hits="0" branch="false" />
            <line number="170" hits="0" branch="false" />
            <line number="171" hits="0" branch="false" />
            <line number="172" hits="0" branch="false" />
            <line number="173" hits="0" branch="false" />
            <line number="176" hits="0" branch="false" />
            <line number="177" hits="0" branch="false" />
            <line number="180" hits="1" branch="false" />
            <line number="181" hits="1" branch="false" />
            <line number="182" hits="1" branch="false" />
            <line number="184" hits="1" branch="false" />
            <line number="185" hits="1" branch="false" />
            <line number="188" hits="1" branch="false" />
            <line number="189" hits="1" branch="false" />
            <line number="190" hits="1" branch="false" />
            <line number="192" hits="1" branch="true" condition-coverage="100% (2/2)" />
            <line number="193" hits="1" branch="false" />
            <line number="194" hits="1" branch="false" />
            <line number="195" hits="1" branch="false" />
            <line number="196" hits="1" branch="false" />
            <line number="197" hits="1" branch="false" />
            <line number="198" hits="1" branch="false" />
            <line number="199" hits="1" branch="false" />
            <line number="201" hits="1" branch="false" />
            <line number="202" hits="1" branch="false" />
            <line number="203" hits="1" branch="false" />
            <line number="206" hits="0" branch="false" />
            <line number="207" hits="0" branch="false" />
            <line number="208" hits="0" branch="false" />
            <line number="209" hits="0" branch="false" />
            <line number="212" hits="0" branch="false" />
            <line number="213" hits="0" branch="false" />
            <line number="214" hits="0" branch="false" />
            <line number="217" hits="0" branch="false" />
            <line number="218" hits="0" branch="false" />
            <line number="219" hits="0" branch="false" />
            <line number="220" hits="0" branch="false" />
            <line number="221" hits="0" branch="false" />
            <line number="222" hits="0" branch="false" />
            <line number="223" hits="0" branch="false" />
            <line number="226" hits="0" branch="false" />
            <line number="227" hits="0" branch="false" />
            <line number="228" hits="0" branch="false" />
            <line number="229" hits="0" branch="false" />
            <line number="230" hits="0" branch="false" />
            <line number="231" hits="0" branch="false" />
            <line number="232" hits="0" branch="false" />
            <line number="233" hits="0" branch="false" />
            <line number="234" hits="0" branch="false" />
            <line number="235" hits="0" branch="false" />
            <line number="236" hits="0" branch="false" />
            <line number="237" hits="0" branch="false" />
            <line number="238" hits="0" branch="false" />
            <line number="239" hits="0" branch="false" />
            <line number="240" hits="0" branch="false" />
            <line number="241" hits="0" branch="false" />
            <line number="242" hits="0" branch="false" />
            <line number="243" hits="0" branch="false" />
            <line number="244" hits="0" branch="false" />
            <line number="245" hits="0" branch="false" />
            <line number="246" hits="0" branch="false" />
            <line number="249" hits="0" branch="false" />
            <line number="250" hits="0" branch="false" />
            <line number="251" hits="0" branch="false" />
            <line number="254" hits="0" branch="false" />
            <line number="255" hits="0" branch="false" />
            <line number="256" hits="0" branch="false" />
            <line number="257" hits="0" branch="false" />
            <line number="258" hits="0" branch="false" />
            <line number="259" hits="0" branch="false" />
            <line number="262" hits="2" branch="false" />
            <line number="263" hits="2" branch="false" />
            <line number="264" hits="2" branch="false" />
            <line number="265" hits="2" branch="false" />
            <line number="266" hits="2" branch="false" />
            <line number="267" hits="2" branch="false" />
            <line number="268" hits="2" branch="false" />
            <line number="269" hits="2" branch="false" />
            <line number="270" hits="2" branch="false" />
            <line number="271" hits="2" branch="false" />
            <line number="272" hits="2" branch="false" />
            <line number="273" hits="2" branch="false" />
            <line number="274" hits="2" branch="false" />
            <line number="275" hits="1" branch="false" />
            <line number="278" hits="0" branch="false" />
            <line number="279" hits="0" branch="false" />
            <line number="281" hits="0" branch="true" condition-coverage="0% (0/4)" />
            <line number="282" hits="0" branch="false" />
            <line number="283" hits="0" branch="false" />
            <line number="286" hits="0" branch="false" />
            <line number="287" hits="0" branch="false" />
            <line number="289" hits="0" branch="false" />
            <line number="290" hits="0" branch="false" />
            <line number="293" hits="0" branch="false" />
            <line number="294" hits="0" branch="false" />
            <line number="296" hits="0" branch="true" condition-coverage="0% (0/4)" />
            <line number="297" hits="0" branch="false" />
            <line number="298" hits="0" branch="false" />
            <line number="301" hits="0" branch="false" />
            <line number="302" hits="0" branch="false" />
            <line number="304" hits="0" branch="false" />
            <line number="305" hits="0" branch="false" />
          </lines>
        </class>
        <class name="HouseRentingSystem.Core.Services.StatisticsService" filename="C:\GitHub\Softuni-ASP.NET-Core\HouseRentingSysteм\HouseRentingSystem.Core\Services\StatisticsService.cs" line-rate="0" branch-rate="1" complexity="2">
          <methods>
            <method name=".ctor" signature="(...)" line-rate="0" branch-rate="1" complexity="1">
              <lines>
                <line number="14" hits="0" branch="false" />
                <line number="15" hits="0" branch="false" />
                <line number="16" hits="0" branch="false" />
                <line number="17" hits="0" branch="false" />
              </lines>
            </method>
            <method name="Total" signature="()" line-rate="0" branch-rate="1" complexity="1">
              <lines>
                <line number="19" hits="0" branch="false" />
                <line number="20" hits="0" branch="false" />
                <line number="21" hits="0" branch="false" />
                <line number="23" hits="0" branch="false" />
                <line number="24" hits="0" branch="false" />
                <line number="26" hits="0" branch="false" />
                <line number="27" hits="0" branch="false" />
                <line number="28" hits="0" branch="false" />
                <line number="29" hits="0" branch="false" />
                <line number="30" hits="0" branch="false" />
                <line number="31" hits="0" branch="false" />
              </lines>
            </method>
          </methods>
          <lines>
            <line number="14" hits="0" branch="false" />
            <line number="15" hits="0" branch="false" />
            <line number="16" hits="0" branch="false" />
            <line number="17" hits="0" branch="false" />
            <line number="19" hits="0" branch="false" />
            <line number="20" hits="0" branch="false" />
            <line number="21" hits="0" branch="false" />
            <line number="23" hits="0" branch="false" />
            <line number="24" hits="0" branch="false" />
            <line number="26" hits="0" branch="false" />
            <line number="27" hits="0" branch="false" />
            <line number="28" hits="0" branch="false" />
            <line number="29" hits="0" branch="false" />
            <line number="30" hits="0" branch="false" />
            <line number="31" hits="0" branch="false" />
          </lines>
        </class>
      </classes>
    </package>
    <package name="HouseRentingSystem.Infrastructure" line-rate="0.572072072072072" branch-rate="0" complexity="58">
      <classes>
        <class name="HouseRentingSystem.Infrastructure.Data.Common.Repository" filename="C:\GitHub\Softuni-ASP.NET-Core\HouseRentingSysteм\HouseRentingSystem.Infrastructure\Data\Common\Repository.cs" line-rate="0.342857142857143" branch-rate="0" complexity="21">
          <methods>
            <method name="get_Context" signature="()" line-rate="1" branch-rate="1" complexity="1">
              <lines>
                <line number="21" hits="15" branch="false" />
              </lines>
            </method>
            <method name="DbSet" signature="()" line-rate="1" branch-rate="1" complexity="1">
              <lines>
                <line number="27" hits="8" branch="false" />
                <line number="28" hits="8" branch="false" />
                <line number="29" hits="8" branch="false" />
              </lines>
            </method>
            <method name="All" signature="()" line-rate="0" branch-rate="1" complexity="1">
              <lines>
                <line number="59" hits="0" branch="false" />
                <line number="60" hits="0" branch="false" />
                <line number="61" hits="0" branch="false" />
              </lines>
            </method>
            <method name="All" signature="(...)" line-rate="0" branch-rate="1" complexity="1">
              <lines>
                <line number="64" hits="0" branch="false" />
                <line number="65" hits="0" branch="false" />
                <line number="66" hits="0" branch="false" />
              </lines>
            </method>
            <method name="AllReadonly" signature="()" line-rate="1" branch-rate="1" complexity="1">
              <lines>
                <line number="73" hits="1" branch="false" />
                <line number="74" hits="1" branch="false" />
                <line number="75" hits="1" branch="false" />
                <line number="76" hits="1" branch="false" />
              </lines>
            </method>
            <method name="AllReadonly" signature="(...)" line-rate="0" branch-rate="1" complexity="1">
              <lines>
                <line number="78" hits="0" branch="false" />
                <line number="79" hits="0" branch="false" />
                <line number="80" hits="0" branch="false" />
                <line number="81" hits="0" branch="false" />
                <line number="82" hits="0" branch="false" />
              </lines>
            </method>
            <method name="Delete" signature="(...)" line-rate="0" branch-rate="0" complexity="2">
              <lines>
                <line number="100" hits="0" branch="false" />
                <line number="101" hits="0" branch="false" />
                <line number="103" hits="0" branch="true" condition-coverage="0% (0/2)" />
                <line number="104" hits="0" branch="false" />
                <line number="105" hits="0" branch="false" />
                <line number="106" hits="0" branch="false" />
                <line number="108" hits="0" branch="false" />
                <line number="109" hits="0" branch="false" />
              </lines>
            </method>
            <method name="Detach" signature="(...)" line-rate="0" branch-rate="1" complexity="1">
              <lines>
                <line number="116" hits="0" branch="false" />
                <line number="117" hits="0" branch="false" />
                <line number="119" hits="0" branch="false" />
                <line number="120" hits="0" branch="false" />
              </lines>
            </method>
            <method name="Dispose" signature="()" line-rate="0" branch-rate="1" complexity="1">
              <lines>
                <line number="128" hits="0" branch="false" />
                <line number="129" hits="0" branch="false" />
                <line number="130" hits="0" branch="false" />
              </lines>
            </method>
            <method name="Update" signature="(...)" line-rate="0" branch-rate="1" complexity="1">
              <lines>
                <line number="161" hits="0" branch="false" />
                <line number="162" hits="0" branch="false" />
                <line number="163" hits="0" branch="false" />
              </lines>
            </method>
            <method name="UpdateRange" signature="(...)" line-rate="0" branch-rate="1" complexity="1">
              <lines>
                <line number="170" hits="0" branch="false" />
                <line number="171" hits="0" branch="false" />
                <line number="172" hits="0" branch="false" />
              </lines>
            </method>
            <method name="DeleteRange" signature="(...)" line-rate="0" branch-rate="1" complexity="1">
              <lines>
                <line number="175" hits="0" branch="false" />
                <line number="176" hits="0" branch="false" />
                <line number="177" hits="0" branch="false" />
              </lines>
            </method>
            <method name="DeleteRange" signature="(...)" line-rate="0" branch-rate="1" complexity="1">
              <lines>
                <line number="180" hits="0" branch="false" />
                <line number="181" hits="0" branch="false" />
                <line number="182" hits="0" branch="false" />
                <line number="183" hits="0" branch="false" />
              </lines>
            </method>
            <method name=".ctor" signature="(...)" line-rate="1" branch-rate="1" complexity="1">
              <lines>
                <line number="31" hits="3" branch="false" />
                <line number="32" hits="3" branch="false" />
                <line number="33" hits="3" branch="false" />
                <line number="34" hits="3" branch="false" />
              </lines>
            </method>
            <method name="AddAsync" signature="()" line-rate="1" branch-rate="1" complexity="1">
              <lines>
                <line number="41" hits="2" branch="false" />
                <line number="42" hits="2" branch="false" />
                <line number="43" hits="2" branch="false" />
              </lines>
            </method>
            <method name="AddRangeAsync" signature="()" line-rate="1" branch-rate="1" complexity="1">
              <lines>
                <line number="50" hits="1" branch="false" />
                <line number="51" hits="1" branch="false" />
                <line number="52" hits="1" branch="false" />
              </lines>
            </method>
            <method name="DeleteAsync" signature="()" line-rate="0" branch-rate="1" complexity="1">
              <lines>
                <line number="89" hits="0" branch="false" />
                <line number="90" hits="0" branch="false" />
                <line number="92" hits="0" branch="false" />
                <line number="93" hits="0" branch="false" />
              </lines>
            </method>
            <method name="GetByIdAsync" signature="()" line-rate="1" branch-rate="1" complexity="1">
              <lines>
                <line number="138" hits="4" branch="false" />
                <line number="139" hits="4" branch="false" />
                <line number="140" hits="4" branch="false" />
              </lines>
            </method>
            <method name="GetByIdsAsync" signature="()" line-rate="0" branch-rate="1" complexity="1">
              <lines>
                <line number="143" hits="0" branch="false" />
                <line number="144" hits="0" branch="false" />
                <line number="145" hits="0" branch="false" />
              </lines>
            </method>
            <method name="SaveChangesAsync" signature="()" line-rate="1" branch-rate="1" complexity="1">
              <lines>
                <line number="152" hits="4" branch="false" />
                <line number="153" hits="4" branch="false" />
                <line number="154" hits="4" branch="false" />
              </lines>
            </method>
          </methods>
          <lines>
            <line number="21" hits="15" branch="false" />
            <line number="27" hits="8" branch="false" />
            <line number="28" hits="8" branch="false" />
            <line number="29" hits="8" branch="false" />
            <line number="31" hits="3" branch="false" />
            <line number="32" hits="3" branch="false" />
            <line number="33" hits="3" branch="false" />
            <line number="34" hits="3" branch="false" />
            <line number="41" hits="2" branch="false" />
            <line number="42" hits="2" branch="false" />
            <line number="43" hits="2" branch="false" />
            <line number="50" hits="1" branch="false" />
            <line number="51" hits="1" branch="false" />
            <line number="52" hits="1" branch="false" />
            <line number="59" hits="0" branch="false" />
            <line number="60" hits="0" branch="false" />
            <line number="61" hits="0" branch="false" />
            <line number="64" hits="0" branch="false" />
            <line number="65" hits="0" branch="false" />
            <line number="66" hits="0" branch="false" />
            <line number="73" hits="1" branch="false" />
            <line number="74" hits="1" branch="false" />
            <line number="75" hits="1" branch="false" />
            <line number="76" hits="1" branch="false" />
            <line number="78" hits="0" branch="false" />
            <line number="79" hits="0" branch="false" />
            <line number="80" hits="0" branch="false" />
            <line number="81" hits="0" branch="false" />
            <line number="82" hits="0" branch="false" />
            <line number="89" hits="0" branch="false" />
            <line number="90" hits="0" branch="false" />
            <line number="92" hits="0" branch="false" />
            <line number="93" hits="0" branch="false" />
            <line number="100" hits="0" branch="false" />
            <line number="101" hits="0" branch="false" />
            <line number="103" hits="0" branch="true" condition-coverage="0% (0/2)" />
            <line number="104" hits="0" branch="false" />
            <line number="105" hits="0" branch="false" />
            <line number="106" hits="0" branch="false" />
            <line number="108" hits="0" branch="false" />
            <line number="109" hits="0" branch="false" />
            <line number="116" hits="0" branch="false" />
            <line number="117" hits="0" branch="false" />
            <line number="119" hits="0" branch="false" />
            <line number="120" hits="0" branch="false" />
            <line number="128" hits="0" branch="false" />
            <line number="129" hits="0" branch="false" />
            <line number="130" hits="0" branch="false" />
            <line number="138" hits="4" branch="false" />
            <line number="139" hits="4" branch="false" />
            <line number="140" hits="4" branch="false" />
            <line number="143" hits="0" branch="false" />
            <line number="144" hits="0" branch="false" />
            <line number="145" hits="0" branch="false" />
            <line number="152" hits="4" branch="false" />
            <line number="153" hits="4" branch="false" />
            <line number="154" hits="4" branch="false" />
            <line number="161" hits="0" branch="false" />
            <line number="162" hits="0" branch="false" />
            <line number="163" hits="0" branch="false" />
            <line number="170" hits="0" branch="false" />
            <line number="171" hits="0" branch="false" />
            <line number="172" hits="0" branch="false" />
            <line number="175" hits="0" branch="false" />
            <line number="176" hits="0" branch="false" />
            <line number="177" hits="0" branch="false" />
            <line number="180" hits="0" branch="false" />
            <line number="181" hits="0" branch="false" />
            <line number="182" hits="0" branch="false" />
            <line number="183" hits="0" branch="false" />
          </lines>
        </class>
        <class name="HouseRentingSystem.Infrastructure.Data.Configuration.AgentConfiguration" filename="C:\GitHub\Softuni-ASP.NET-Core\HouseRentingSysteм\HouseRentingSystem.Infrastructure\Data\Configuration\AgentConfiguration.cs" line-rate="1" branch-rate="1" complexity="1">
          <methods>
            <method name="Configure" signature="(...)" line-rate="1" branch-rate="1" complexity="1">
              <lines>
                <line number="15" hits="2" branch="false" />
                <line number="16" hits="2" branch="false" />
                <line number="17" hits="2" branch="false" />
                <line number="18" hits="2" branch="false" />
                <line number="19" hits="2" branch="false" />
                <line number="20" hits="2" branch="false" />
                <line number="21" hits="2" branch="false" />
                <line number="22" hits="2" branch="false" />
              </lines>
            </method>
          </methods>
          <lines>
            <line number="15" hits="2" branch="false" />
            <line number="16" hits="2" branch="false" />
            <line number="17" hits="2" branch="false" />
            <line number="18" hits="2" branch="false" />
            <line number="19" hits="2" branch="false" />
            <line number="20" hits="2" branch="false" />
            <line number="21" hits="2" branch="false" />
            <line number="22" hits="2" branch="false" />
          </lines>
        </class>
        <class name="HouseRentingSystem.Infrastructure.Data.Configuration.CategoryConfiguration" filename="C:\GitHub\Softuni-ASP.NET-Core\HouseRentingSysteм\HouseRentingSystem.Infrastructure\Data\Configuration\CategoryConfiguration.cs" line-rate="1" branch-rate="1" complexity="2">
          <methods>
            <method name="Configure" signature="(...)" line-rate="1" branch-rate="1" complexity="1">
              <lines>
                <line number="15" hits="2" branch="false" />
                <line number="16" hits="2" branch="false" />
                <line number="17" hits="2" branch="false" />
              </lines>
            </method>
            <method name="CreateCategories" signature="()" line-rate="1" branch-rate="1" complexity="1">
              <lines>
                <line number="20" hits="2" branch="false" />
                <line number="21" hits="2" branch="false" />
                <line number="22" hits="2" branch="false" />
                <line number="23" hits="2" branch="false" />
                <line number="24" hits="2" branch="false" />
                <line number="25" hits="2" branch="false" />
                <line number="26" hits="2" branch="false" />
                <line number="27" hits="2" branch="false" />
                <line number="28" hits="2" branch="false" />
                <line number="29" hits="2" branch="false" />
                <line number="30" hits="2" branch="false" />
                <line number="31" hits="2" branch="false" />
                <line number="32" hits="2" branch="false" />
                <line number="33" hits="2" branch="false" />
                <line number="34" hits="2" branch="false" />
                <line number="35" hits="2" branch="false" />
                <line number="36" hits="2" branch="false" />
                <line number="37" hits="2" branch="false" />
                <line number="38" hits="2" branch="false" />
                <line number="39" hits="2" branch="false" />
                <line number="41" hits="2" branch="false" />
                <line number="42" hits="2" branch="false" />
              </lines>
            </method>
          </methods>
          <lines>
            <line number="15" hits="2" branch="false" />
            <line number="16" hits="2" branch="false" />
            <line number="17" hits="2" branch="false" />
            <line number="20" hits="2" branch="false" />
            <line number="21" hits="2" branch="false" />
            <line number="22" hits="2" branch="false" />
            <line number="23" hits="2" branch="false" />
            <line number="24" hits="2" branch="false" />
[...]
        </class>
        <class name="HouseRentingSystem.Infrastructure.Data.Models.House" filename="C:\GitHub\Softuni-ASP.NET-Core\HouseRentingSysteм\HouseRentingSystem.Infrastructure\Data\Models\House.cs" line-rate="0.615384615384615" branch-rate="1" complexity="13">
          <methods>
            <method name="get_Id" signature="()" line-rate="1" branch-rate="1" complexity="1">
              <lines>
                <line number="12" hits="10" branch="false" />
              </lines>
            </method>
            <method name="get_Title" signature="()" line-rate="1" branch-rate="1" complexity="1">
              <lines>
                <line number="16" hits="17" branch="false" />
              </lines>
            </method>
            <method name="get_Address" signature="()" line-rate="1" branch-rate="1" complexity="1">
              <lines>
                <line number="20" hits="17" branch="false" />
              </lines>
            </method>
            <method name="get_Description" signature="()" line-rate="1" branch-rate="1" complexity="1">
              <lines>
                <line number="24" hits="18" branch="false" />
              </lines>
            </method>
            <method name="get_ImageUrl" signature="()" line-rate="1" branch-rate="1" complexity="1">
              <lines>
                <line number="28" hits="17" branch="false" />
              </lines>
            </method>
            <method name="get_PricePerMonth" signature="()" line-rate="1" branch-rate="1" complexity="1">
              <lines>
                <line number="33" hits="1" branch="false" />
              </lines>
            </method>
            <method name="get_CategoryId" signature="()" line-rate="1" branch-rate="1" complexity="1">
              <lines>
                <line number="37" hits="1" branch="false" />
              </lines>
            </method>
            <method name="get_Category" signature="()" line-rate="0" branch-rate="1" complexity="1">
              <lines>
                <line number="39" hits="0" branch="false" />
              </lines>
            </method>
            <method name="get_AgentId" signature="()" line-rate="0" branch-rate="1" complexity="1">
              <lines>
                <line number="43" hits="0" branch="false" />
              </lines>
            </method>
            <method name="get_Agent" signature="()" line-rate="0" branch-rate="1" complexity="1">
              <lines>
                <line number="45" hits="0" branch="false" />
              </lines>
            </method>
            <method name="get_RenterId" signature="()" line-rate="0" branch-rate="1" complexity="1">
              <lines>
                <line number="48" hits="0" branch="false" />
              </lines>
            </method>
            <method name="get_Renter" signature="()" line-rate="0" branch-rate="1" complexity="1">
              <lines>
                <line number="50" hits="0" branch="false" />
              </lines>
            </method>
            <method name="get_IsActive" signature="()" line-rate="1" branch-rate="1" complexity="1">
              <lines>
                <line number="52" hits="12" branch="false" />
              </lines>
            </method>
          </methods>
          <lines>
            <line number="12" hits="10" branch="false" />
            <line number="16" hits="17" branch="false" />
            <line number="20" hits="17" branch="false" />
            <line number="24" hits="18" branch="false" />
            <line number="28" hits="17" branch="false" />
            <line number="33" hits="1" branch="false" />
            <line number="37" hits="1" branch="false" />
            <line number="39" hits="0" branch="false" />
            <line number="43" hits="0" branch="false" />
            <line number="45" hits="0" branch="false" />
            <line number="48" hits="0" branch="false" />
            <line number="50" hits="0" branch="false" />
            <line number="52" hits="12" branch="false" />
          </lines>
        </class>
        <class name="HouseRentingSysteм.Infrastructure.Data.ApplicationDbContext" filename="C:\GitHub\Softuni-ASP.NET-Core\HouseRentingSysteм\HouseRentingSystem.Infrastructure\Data\ApplicationDbContext.cs" line-rate="1" branch-rate="1" complexity="6">
          <methods>
            <method name="OnModelCreating" signature="(...)" line-rate="1" branch-rate="1" complexity="1">
              <lines>
                <line number="16" hits="2" branch="false" />
                <line number="17" hits="2" branch="false" />
                <line number="18" hits="2" branch="false" />
                <line number="19" hits="2" branch="false" />
                <line number="20" hits="2" branch="false" />
                <line number="22" hits="2" branch="false" />
                <line number="23" hits="2" branch="false" />
              </lines>
            </method>
            <method name="get_Houses" signature="()" line-rate="1" branch-rate="1" complexity="1">
              <lines>
                <line number="25" hits="8" branch="false" />
              </lines>
            </method>
            <method name="get_Categories" signature="()" line-rate="1" branch-rate="1" complexity="1">
              <lines>
                <line number="27" hits="8" branch="false" />
              </lines>
            </method>
            <method name="get_Agents" signature="()" line-rate="1" branch-rate="1" complexity="1">
              <lines>
                <line number="29" hits="8" branch="false" />
              </lines>
            </method>
            <method name="OnConfiguring" signature="(...)" line-rate="1" branch-rate="1" complexity="1">
              <lines>
                <line number="32" hits="4" branch="false" />
                <line number="33" hits="4" branch="false" />
              </lines>
            </method>
            <method name=".ctor" signature="(...)" line-rate="1" branch-rate="1" complexity="1">
              <lines>
                <line number="12" hits="4" branch="false" />
                <line number="13" hits="4" branch="false" />
                <line number="14" hits="4" branch="false" />
              </lines>
            </method>
          </methods>
          <lines>
            <line number="12" hits="4" branch="false" />
            <line number="13" hits="4" branch="false" />
            <line number="14" hits="4" branch="false" />
            <line number="16" hits="2" branch="false" />
            <line number="17" hits="2" branch="false" />
            <line number="18" hits="2" branch="false" />
            <line number="19" hits="2" branch="false" />
            <line number="20" hits="2" branch="false" />
            <line number="22" hits="2" branch="false" />
            <line number="23" hits="2" branch="false" />
            <line number="25" hits="8" branch="false" />
            <line number="27" hits="8" branch="false" />
            <line number="29" hits="8" branch="false" />
            <line number="32" hits="4" branch="false" />
            <line number="33" hits="4" branch="false" />
          </lines>
        </class>
      </classes>
    </package>
    <package name="HouseRentingSystem.UnitTests" line-rate="0.955555555555556" branch-rate="1" complexity="7">
      <classes>
        <class name="AutoGeneratedProgram" filename="C:\Users\Stili\.nuget\packages\microsoft.net.test.sdk\17.3.2\build\netcoreapp2.1\Microsoft.NET.Test.Sdk.Program.cs" line-rate="0" branch-rate="1" complexity="1">
          <methods>
            <method name="Main" signature="(...)" line-rate="0" branch-rate="1" complexity="1">
              <lines>
                <line number="4" hits="0" branch="false" />
              </lines>
            </method>
          </methods>
          <lines>
            <line number="4" hits="0" branch="false" />
          </lines>
        </class>
        <class name="HouseRentingSystem.UnitTests.HouseServiceTests" filename="C:\GitHub\Softuni-ASP.NET-Core\HouseRentingSysteм\HouseRentingSystem.UnitTests\HouseServiceTests.cs" line-rate="0.966292134831461" branch-rate="1" complexity="6">
          <methods>
            <method name="Setup" signature="()" line-rate="1" branch-rate="1" complexity="1">
              <lines>
                <line number="26" hits="4" branch="false" />
                <line number="27" hits="4" branch="false" />
                <line number="28" hits="4" branch="false" />
                <line number="29" hits="4" branch="false" />
                <line number="30" hits="4" branch="false" />
                <line number="32" hits="4" branch="false" />
                <line number="34" hits="4" branch="false" />
                <line number="35" hits="4" branch="false" />
                <line number="36" hits="4" branch="false" />
              </lines>
            </method>
            <method name="TearDown" signature="()" line-rate="1" branch-rate="1" complexity="1">
              <lines>
                <line number="152" hits="4" branch="false" />
                <line number="153" hits="4" branch="false" />
                <line number="154" hits="4" branch="false" />
              </lines>
            </method>
            <method name="TestHouseDelete" signature="()" line-rate="1" branch-rate="1" complexity="1">
              <lines>
                <line number="40" hits="1" branch="false" />
                <line number="41" hits="1" branch="false" />
                <line number="42" hits="1" branch="false" />
                <line number="44" hits="1" branch="false" />
                <line number="46" hits="1" branch="false" />
                <line number="48" hits="1" branch="false" />
                <line number="49" hits="1" branch="false" />
                <line number="50" hits="1" branch="false" />
                <line number="51" hits="1" branch="false" />
                <line number="52" hits="1" branch="false" />
                <line number="53" hits="1" branch="false" />
                <line number="54" hits="1" branch="false" />
                <line number="55" hits="1" branch="false" />
                <line number="57" hits="1" branch="false" />
                <line number="59" hits="1" branch="false" />
                <line number="61" hits="1" branch="false" />
                <line number="62" hits="1" branch="false" />
              </lines>
            </method>
            <method name="TestHouseEdit" signature="()" line-rate="1" branch-rate="1" complexity="1">
              <lines>
                <line number="66" hits="1" branch="false" />
                <line number="67" hits="1" branch="false" />
                <line number="68" hits="1" branch="false" />
                <line number="70" hits="1" branch="false" />
                <line number="72" hits="1" branch="false" />
                <line number="74" hits="1" branch="false" />
                <line number="75" hits="1" branch="false" />
                <line number="76" hits="1" branch="false" />
                <line number="77" hits="1" branch="false" />
                <line number="78" hits="1" branch="false" />
                <line number="79" hits="1" branch="false" />
                <line number="80" hits="1" branch="false" />
                <line number="82" hits="1" branch="false" />
                <line number="84" hits="1" branch="false" />
                <line number="85" hits="1" branch="false" />
                <line number="86" hits="1" branch="false" />
                <line number="87" hits="1" branch="false" />
                <line number="88" hits="1" branch="false" />
                <line number="89" hits="1" branch="false" />
                <line number="90" hits="1" branch="false" />
                <line number="91" hits="1" branch="false" />
                <line number="93" hits="1" branch="false" />
                <line number="95" hits="1" branch="false" />
                <line number="96" hits="1" branch="false" />
              </lines>
            </method>
            <method name="TestLast3HousesInMemory" signature="()" line-rate="1" branch-rate="1" complexity="1">
              <lines>
                <line number="100" hits="1" branch="false" />
                <line number="101" hits="1" branch="false" />
                <line number="102" hits="1" branch="false" />
                <line number="104" hits="1" branch="false" />
                <line number="106" hits="1" branch="false" />
                <line number="108" hits="1" branch="false" />
                <line number="109" hits="1" branch="false" />
                <line number="110" hits="1" branch="false" />
                <line number="111" hits="1" branch="false" />
                <line number="112" hits="1" branch="false" />
                <line number="113" hits="1" branch="false" />
                <line number="114" hits="1" branch="false" />
                <line number="116" hits="1" branch="false" />
                <line number="117" hits="1" branch="false" />
                <line number="119" hits="1" branch="false" />
                <line number="120" hits="4" branch="false" />
                <line number="121" hits="1" branch="false" />
              </lines>
            </method>
            <method name="TestLast3HousesNumberAndOrder" signature="()" line-rate="0.842105263157895" branch-rate="1" complexity="1">
              <lines>
                <line number="125" hits="1" branch="false" />
                <line number="126" hits="1" branch="false" />
                <line number="128" hits="1" branch="false" />
                <line number="130" hits="1" branch="false" />
                <line number="131" hits="1" branch="false" />
                <line number="132" hits="1" branch="false" />
                <line number="133" hits="1" branch="false" />
                <line number="134" hits="1" branch="false" />
                <line number="135" hits="1" branch="false" />
                <line number="136" hits="1" branch="false" />
                <line number="137" hits="1" branch="false" />
                <line number="138" hits="1" branch="false" />
                <line number="139" hits="1" branch="false" />
                <line number="140" hits="1" branch="false" />
                <line number="142" hits="1" branch="false" />
                <line number="144" hits="1" branch="false" />
                <line number="146" hits="0" branch="false" />
                <line number="147" hits="0" branch="false" />
                <line number="148" hits="0" branch="false" />
              </lines>
            </method>
          </methods>
          <lines>
            <line number="26" hits="4" branch="false" />
            <line number="27" hits="4" branch="false" />
            <line number="28" hits="4" branch="false" />
            <line number="29" hits="4" branch="false" />
            <line number="30" hits="4" branch="false" />
            <line number="32" hits="4" branch="false" />
            <line number="34" hits="4" branch="false" />
            <line number="35" hits="4" branch="false" />
            <line number="36" hits="4" branch="false" />
            <line number="40" hits="1" branch="false" />
            <line number="41" hits="1" branch="false" />
            <line number="42" hits="1" branch="false" />
            <line number="44" hits="1" branch="false" />
            <line number="46" hits="1" branch="false" />
            <line number="48" hits="1" branch="false" />
            <line number="49" hits="1" branch="false" />
            <line number="50" hits="1" branch="false" />
            <line number="51" hits="1" branch="false" />
            <line number="52" hits="1" branch="false" />
            <line number="53" hits="1" branch="false" />
            <line number="54" hits="1" branch="false" />
            <line number="55" hits="1" branch="false" />
            <line number="57" hits="1" branch="false" />
            <line number="59" hits="1" branch="false" />
            <line number="61" hits="1" branch="false" />
            <line number="62" hits="1" branch="false" />
            <line number="66" hits="1" branch="false" />
            <line number="67" hits="1" branch="false" />
            <line number="68" hits="1" branch="false" />
            <line number="70" hits="1" branch="false" />
            <line number="72" hits="1" branch="false" />
            <line number="74" hits="1" branch="false" />
            <line number="75" hits="1" branch="false" />
            <line number="76" hits="1" branch="false" />
            <line number="77" hits="1" branch="false" />
            <line number="78" hits="1" branch="false" />
            <line number="79" hits="1" branch="false" />
            <line number="80" hits="1" branch="false" />
            <line number="82" hits="1" branch="false" />
            <line number="84" hits="1" branch="false" />
            <line number="85" hits="1" branch="false" />
            <line number="86" hits="1" branch="false" />
            <line number="87" hits="1" branch="false" />
            <line number="88" hits="1" branch="false" />
            <line number="89" hits="1" branch="false" />
            <line number="90" hits="1" branch="false" />
            <line number="91" hits="1" branch="false" />
            <line number="93" hits="1" branch="false" />
            <line number="95" hits="1" branch="false" />
            <line number="96" hits="1" branch="false" />
            <line number="100" hits="1" branch="false" />
            <line number="101" hits="1" branch="false" />
            <line number="102" hits="1" branch="false" />
            <line number="104" hits="1" branch="false" />
            <line number="106" hits="1" branch="false" />
            <line number="108" hits="1" branch="false" />
            <line number="109" hits="1" branch="false" />
            <line number="110" hits="1" branch="false" />
            <line number="111" hits="1" branch="false" />
            <line number="112" hits="1" branch="false" />
            <line number="113" hits="1" branch="false" />
            <line number="114" hits="1" branch="false" />
            <line number="116" hits="1" branch="false" />
            <line number="117" hits="1" branch="false" />
            <line number="119" hits="1" branch="false" />
            <line number="120" hits="4" branch="false" />
            <line number="121" hits="1" branch="false" />
            <line number="125" hits="1" branch="false" />
            <line number="126" hits="1" branch="false" />
            <line number="128" hits="1" branch="false" />
            <line number="130" hits="1" branch="false" />
            <line number="131" hits="1" branch="false" />
            <line number="132" hits="1" branch="false" />
            <line number="133" hits="1" branch="false" />
            <line number="134" hits="1" branch="false" />
            <line number="135" hits="1" branch="false" />
            <line number="136" hits="1" branch="false" />
            <line number="137" hits="1" branch="false" />
            <line number="138" hits="1" branch="false" />
            <line number="139" hits="1" branch="false" />
            <line number="140" hits="1" branch="false" />
            <line number="142" hits="1" branch="false" />
            <line number="144" hits="1" branch="false" />
            <line number="146" hits="0" branch="false" />
            <line number="147" hits="0" branch="false" />
            <line number="148" hits="0" branch="false" />
            <line number="152" hits="4" branch="false" />
            <line number="153" hits="4" branch="false" />
            <line number="154" hits="4" branch="false" />
          </lines>
        </class>
      </classes>
    </package>
  </packages>
</coverage>